0 info it worked if it ends with ok
1 verbose cli [ '/usr/bin/node', '/usr/bin/npm', 'publish' ]
2 info using npm@3.10.10
3 info using node@v6.10.3
4 verbose publish [ '.' ]
5 silly cache add args [ '.', null ]
6 verbose cache add spec .
7 silly cache add parsed spec Result {
7 silly cache add   raw: '.',
7 silly cache add   scope: null,
7 silly cache add   escapedName: null,
7 silly cache add   name: null,
7 silly cache add   rawSpec: '.',
7 silly cache add   spec: '/home/osawayoshiki/ダウンロード/node-red-contrib-svfc',
7 silly cache add   type: 'directory' }
8 verbose addLocalDirectory /home/osawayoshiki/.npm/node-red-contrib-svfc/0.0.6/package.tgz not in flight; packing
9 verbose correctMkdir /home/osawayoshiki/.npm correctMkdir not in flight; initializing
10 info lifecycle node-red-contrib-svfc@0.0.6~prepublish: node-red-contrib-svfc@0.0.6
11 silly lifecycle node-red-contrib-svfc@0.0.6~prepublish: no script for prepublish, continuing
12 verbose tar pack [ '/home/osawayoshiki/.npm/node-red-contrib-svfc/0.0.6/package.tgz',
12 verbose tar pack   '/home/osawayoshiki/ダウンロード/node-red-contrib-svfc' ]
13 verbose tarball /home/osawayoshiki/.npm/node-red-contrib-svfc/0.0.6/package.tgz
14 verbose folder /home/osawayoshiki/ダウンロード/node-red-contrib-svfc
15 verbose addLocalTarball adding from inside cache /home/osawayoshiki/.npm/node-red-contrib-svfc/0.0.6/package.tgz
16 verbose correctMkdir /home/osawayoshiki/.npm correctMkdir not in flight; initializing
17 silly cache afterAdd node-red-contrib-svfc@0.0.6
18 verbose afterAdd /home/osawayoshiki/.npm/node-red-contrib-svfc/0.0.6/package/package.json not in flight; writing
19 verbose correctMkdir /home/osawayoshiki/.npm correctMkdir not in flight; initializing
20 verbose afterAdd /home/osawayoshiki/.npm/node-red-contrib-svfc/0.0.6/package/package.json written
21 silly publish { name: 'node-red-contrib-svfc',
21 silly publish   version: '0.0.6',
21 silly publish   description: 'A Node-RED node for SVF Cloud. You can print PDF/Excel/DirectPrint using SVF Cloud.',
21 silly publish   devDependencies: {},
21 silly publish   directories: {},
21 silly publish   repository:
21 silly publish    { type: 'git',
21 silly publish      url: 'git+https://github.com/Osawa-Yoshiki/node-red-contrib-svfc.git' },
21 silly publish   keywords: [ 'node-red', 'SVF', 'SVF Cloud', 'Super Visual Formade' ],
21 silly publish   'node-red': { nodes: { 'svf cloud': '53-svfc.js' } },
21 silly publish   optionalDependencies: {},
21 silly publish   scripts: {},
21 silly publish   author: { name: 'Yoshiki Osawa' },
21 silly publish   maintainers: [ { name: 'Yoshiki Osawa', email: 'sokura1127@hotmail.com' } ],
21 silly publish   license: 'Apache-2.0',
21 silly publish   dependencies: { jsrsasign: '', request: '' },
21 silly publish   readme: '# node-red-contrib-svfc\n\n[Node-RED](http://nodered.org) Node to print PDF/Excel/DirectPrint using SVF Cloud.\n\n\n## Install\n\nRun the following command in the root directory of your Node-RED install:\n\n````\n    npm install node-red-contrib-svfc\n````\n\n\n## Usage\n\n### Input\nIf you config before using this node, no need to set msg.payload, otherwise, you can also set local filepath of SVF formatted csv to msg.filepath, msg.filepath will read by node and send to SVF Cloud.\n\n\n### Output\nmsg.payload will not be a array but buffer containing the file contents. If the case of Direct Print, msg.payload will only be response message.\n\n\n### Sample flow\nThis flow uses a email node, it can send a PDF file created by SVF Cloud via Email.\n\n````\n[{"id":"72f6e65b.c93478","type":"svf cloud","z":"50bb5b03.f97c04","credential":"","printtype":"PDF","xml":"form/folder/example.xml","printerid":"","csv":"/home/ubuntu/invoice.csv","pdfTitle":"example","password":"","pdfPermPass":"","name":"","x":226,"y":156,"wires":[["8e18bfb3.d5516"]]},{"id":"5decae62.425a7","type":"inject","z":"50bb5b03.f97c04","name":"","topic":"","payload":"","payloadType":"date","repeat":"","crontab":"","once":false,"x":117.99999237060547,"y":84.00002765655518,"wires":[["72f6e65b.c93478"]]},{"id":"8e18bfb3.d5516","type":"change","z":"50bb5b03.f97c04","name":"","rules":[{"t":"set","p":"attachments","pt":"msg","to":"payload","tot":"msg"},{"t":"set","p":"filename","pt":"msg","to":"example.pdf","tot":"str"}],"action":"","property":"","from":"","to":"","reg":false,"x":364,"y":244,"wires":[["8eff85ba.a76188"]]},{"id":"8eff85ba.a76188","type":"e-mail","z":"50bb5b03.f97c04","server":"smtp.gmail.com","port":"465","secure":true,"name":"user@example.com","dname":"","x":604.0000114440918,"y":171.00001668930054,"wires":[]}]\n````\n\n## Copyright and license\n\nCopyright 2017 IBM Corp. under the Apache 2.0 license.\n',
21 silly publish   readmeFilename: 'README.md',
21 silly publish   gitHead: 'c7adcd54cb1d326f354bf5ddd77e7fe5ab0a36ba',
21 silly publish   bugs: { url: 'https://github.com/Osawa-Yoshiki/node-red-contrib-svfc/issues' },
21 silly publish   homepage: 'https://github.com/Osawa-Yoshiki/node-red-contrib-svfc#readme',
21 silly publish   _id: 'node-red-contrib-svfc@0.0.6',
21 silly publish   _shasum: 'da63feedb2267b114378efb93d2060b1ed6ab980',
21 silly publish   _from: '.' }
22 verbose getPublishConfig undefined
23 silly mapToRegistry name node-red-contrib-svfc
24 silly mapToRegistry using default registry
25 silly mapToRegistry registry https://registry.npmjs.org/
26 silly mapToRegistry data Result {
26 silly mapToRegistry   raw: 'node-red-contrib-svfc',
26 silly mapToRegistry   scope: null,
26 silly mapToRegistry   escapedName: 'node-red-contrib-svfc',
26 silly mapToRegistry   name: 'node-red-contrib-svfc',
26 silly mapToRegistry   rawSpec: '',
26 silly mapToRegistry   spec: 'latest',
26 silly mapToRegistry   type: 'tag' }
27 silly mapToRegistry uri https://registry.npmjs.org/node-red-contrib-svfc
28 verbose publish registryBase https://registry.npmjs.org/
29 silly publish uploading /home/osawayoshiki/.npm/node-red-contrib-svfc/0.0.6/package.tgz
30 verbose request uri https://registry.npmjs.org/node-red-contrib-svfc
31 verbose request sending authorization for write operation
32 info attempt registry request try #1 at 19:01:35
33 verbose request using bearer token for auth
34 verbose request id 40c022da438363b2
35 http request PUT https://registry.npmjs.org/node-red-contrib-svfc
36 http 403 https://registry.npmjs.org/node-red-contrib-svfc
37 verbose headers { 'content-type': 'application/json',
37 verbose headers   'cache-control': 'max-age=300',
37 verbose headers   'content-length': '95',
37 verbose headers   'accept-ranges': 'bytes',
37 verbose headers   date: 'Thu, 08 Jun 2017 10:01:38 GMT',
37 verbose headers   via: '1.1 varnish',
37 verbose headers   connection: 'keep-alive',
37 verbose headers   'x-served-by': 'cache-syd1624-SYD',
37 verbose headers   'x-cache': 'MISS',
37 verbose headers   'x-cache-hits': '0',
37 verbose headers   'x-timer': 'S1496916097.424974,VS0,VE784',
37 verbose headers   vary: 'Accept-Encoding' }
38 verbose request invalidating /home/osawayoshiki/.npm/registry.npmjs.org/node-red-contrib-svfc on PUT
39 error publish Failed PUT 403
40 verbose stack Error: "You cannot publish over the previously published version 0.0.6." : node-red-contrib-svfc
40 verbose stack     at makeError (/usr/lib/node_modules/npm/node_modules/npm-registry-client/lib/request.js:302:12)
40 verbose stack     at CachingRegistryClient.<anonymous> (/usr/lib/node_modules/npm/node_modules/npm-registry-client/lib/request.js:290:14)
40 verbose stack     at Request._callback (/usr/lib/node_modules/npm/node_modules/npm-registry-client/lib/request.js:210:14)
40 verbose stack     at Request.self.callback (/usr/lib/node_modules/npm/node_modules/request/request.js:187:22)
40 verbose stack     at emitTwo (events.js:106:13)
40 verbose stack     at Request.emit (events.js:191:7)
40 verbose stack     at Request.<anonymous> (/usr/lib/node_modules/npm/node_modules/request/request.js:1048:10)
40 verbose stack     at emitOne (events.js:96:13)
40 verbose stack     at Request.emit (events.js:188:7)
40 verbose stack     at IncomingMessage.<anonymous> (/usr/lib/node_modules/npm/node_modules/request/request.js:969:12)
41 verbose statusCode 403
42 verbose pkgid node-red-contrib-svfc
43 verbose cwd /home/osawayoshiki/ダウンロード/node-red-contrib-svfc
44 error Linux 4.10.0-22-generic
45 error argv "/usr/bin/node" "/usr/bin/npm" "publish"
46 error node v6.10.3
47 error npm  v3.10.10
48 error code E403
49 error "You cannot publish over the previously published version 0.0.6." : node-red-contrib-svfc
50 error If you need help, you may report this error at:
50 error     <https://github.com/npm/npm/issues>
51 verbose exit [ 1, true ]
